<?xml version="1.0" encoding="UTF-8"?>
<testsuite name="SILab2Test" tests="2" skipped="0" failures="0" errors="0" timestamp="2022-05-17T17:45:03" hostname="DESKTOP-3RKBI7K" time="0.039">
  <properties/>
  <testcase name="test1()" classname="SILab2Test" time="0.035"/>
  <testcase name="test2()" classname="SILab2Test" time="0.003"/>
  <system-out><![CDATA[]]></system-out>
  <system-err><![CDATA[]]></system-err>
</testsuite>
